0 info it worked if it ends with ok
1 verbose cli [ 'node', '/usr/local/bin/npm', 'run', 'compile' ]
2 info using npm@2.15.1
3 info using node@v0.12.15
4 verbose node symlink /usr/local/bin/node
5 verbose run-script [ 'precompile', 'compile', 'postcompile' ]
6 info precompile ol-react@0.1.0
7 info compile ol-react@0.1.0
8 verbose unsafe-perm in lifecycle true
9 info ol-react@0.1.0 Failed to exec compile script
10 verbose stack Error: ol-react@0.1.0 compile: `babel -d lib/ src/`
10 verbose stack Exit status 1
10 verbose stack     at EventEmitter.<anonymous> (/usr/local/lib/node_modules/npm/lib/utils/lifecycle.js:217:16)
10 verbose stack     at EventEmitter.emit (events.js:110:17)
10 verbose stack     at ChildProcess.<anonymous> (/usr/local/lib/node_modules/npm/lib/utils/spawn.js:24:14)
10 verbose stack     at ChildProcess.emit (events.js:110:17)
10 verbose stack     at maybeClose (child_process.js:1019:16)
10 verbose stack     at Process.ChildProcess._handle.onexit (child_process.js:1091:5)
11 verbose pkgid ol-react@0.1.0
12 verbose cwd /Users/richard/Documents/workspace2/ol-react-test/ol-react
13 error Darwin 14.5.0
14 error argv "node" "/usr/local/bin/npm" "run" "compile"
15 error node v0.12.15
16 error npm  v2.15.1
17 error code ELIFECYCLE
18 error ol-react@0.1.0 compile: `babel -d lib/ src/`
18 error Exit status 1
19 error Failed at the ol-react@0.1.0 compile script 'babel -d lib/ src/'.
19 error This is most likely a problem with the ol-react package,
19 error not with npm itself.
19 error Tell the author that this fails on your system:
19 error     babel -d lib/ src/
19 error You can get information on how to open an issue for this project with:
19 error     npm bugs ol-react
19 error Or if that isn't available, you can get their info via:
19 error
19 error     npm owner ls ol-react
19 error There is likely additional logging output above.
20 verbose exit [ 1, true ]
